2023-11-28 11:51:21,529 - utils.py - New Model Id - 3
2023-11-28 11:51:21,529 - utils.py - 
+--------------------------------------------------------------------------+
2023-11-28 11:51:21,529 - utils.py - |    Father Model ID     |                 Added Operation                 |
2023-11-28 11:51:21,529 - utils.py - +--------------------------------------------------------------------------+
2023-11-28 11:51:21,529 - utils.py - |                        |              to_add_skip_model 9 10             |
2023-11-28 11:51:21,529 - utils.py - |           0            |             to_concat_skip_model 0 5            |
2023-11-28 11:51:21,529 - utils.py - +--------------------------------------------------------------------------+
2023-11-28 11:59:54,825 - utils.py - New Model Id - 4
2023-11-28 11:59:54,826 - utils.py - 
+--------------------------------------------------------------------------+
2023-11-28 11:59:54,826 - utils.py - |    Father Model ID     |                 Added Operation                 |
2023-11-28 11:59:54,826 - utils.py - +--------------------------------------------------------------------------+
2023-11-28 11:59:54,826 - utils.py - |                        |              to_add_skip_model 5 8              |
2023-11-28 11:59:54,826 - utils.py - |           0            |              to_add_skip_model 0 1              |
2023-11-28 11:59:54,826 - utils.py - +--------------------------------------------------------------------------+
2023-11-28 12:43:48,189 - _tools.py - os.makedirs('./nc_manu/output/R_P/outputs/autokeras/regression')
2023-11-28 12:43:48,200 - saving.py - write lines to './nc_manu/output/R_P/outputs/autokeras/regression/final_autokeras_regression_graph'
2023-11-28 12:43:48,202 - execute.py - run [PosixPath('dot'), '-Kdot', '-Tpdf', '-O', 'final_autokeras_regression_graph']
2023-11-28 12:43:49,429 - _tools.py - os.makedirs('./nc_manu/output/R_P/outputs/autokeras/regression')
2023-11-28 12:43:49,440 - saving.py - write lines to './nc_manu/output/R_P/outputs/autokeras/regression/final_autokeras_regression_graph'
2023-11-28 12:43:49,940 - execute.py - run [PosixPath('dot'), '-Kdot', '-Tpdf', '-O', 'final_autokeras_regression_graph']
2023-11-28 12:43:54,271 - _tools.py - os.makedirs('./nc_manu/output/R_P/outputs/autokeras/regression')
2023-11-28 12:43:54,308 - saving.py - write lines to './nc_manu/output/R_P/outputs/autokeras/regression/final_autokeras_regression_graph'
2023-11-28 12:43:54,322 - execute.py - run [PosixPath('dot'), '-Kdot', '-Tpdf', '-O', 'final_autokeras_regression_graph']
2023-11-28 12:44:02,720 - _tools.py - os.makedirs('./nc_manu/output/R_P/outputs/autokeras/regression')
2023-11-28 12:44:02,721 - saving.py - write lines to './nc_manu/output/R_P/outputs/autokeras/regression/final_autokeras_regression_graph'
2023-11-28 12:44:05,235 - execute.py - run [PosixPath('dot'), '-Kdot', '-Tpdf', '-O', 'final_autokeras_regression_graph']
2023-11-28 13:17:37,436 - _base.py - top of axes not in the figure, so title not moved
2023-11-28 13:17:37,449 - _base.py - top of axes not in the figure, so title not moved
2023-11-28 13:17:37,877 - _base.py - top of axes not in the figure, so title not moved
2023-11-28 13:17:37,884 - _base.py - top of axes not in the figure, so title not moved
2023-11-28 13:17:37,906 - _base.py - top of axes not in the figure, so title not moved
2023-11-28 13:17:37,912 - _base.py - top of axes not in the figure, so title not moved
2023-11-28 13:17:37,947 - _base.py - top of axes not in the figure, so title not moved
2023-11-28 13:17:37,953 - _base.py - top of axes not in the figure, so title not moved
2023-11-28 13:17:38,002 - _base.py - top of axes not in the figure, so title not moved
2023-11-28 13:17:38,012 - _base.py - top of axes not in the figure, so title not moved
2023-11-28 13:17:38,410 - _base.py - top of axes not in the figure, so title not moved
2023-11-28 13:17:38,418 - _base.py - top of axes not in the figure, so title not moved
2023-11-28 13:17:38,440 - _base.py - top of axes not in the figure, so title not moved
2023-11-28 13:17:38,446 - _base.py - top of axes not in the figure, so title not moved
2023-11-28 13:17:38,483 - _base.py - top of axes not in the figure, so title not moved
2023-11-28 13:17:38,489 - _base.py - top of axes not in the figure, so title not moved
2023-11-28 13:17:38,519 - _base.py - top of axes not in the figure, so title not moved
2023-11-28 13:17:38,528 - _base.py - top of axes not in the figure, so title not moved
2023-11-28 13:17:55,037 - _base.py - top of axes not in the figure, so title not moved
2023-11-28 13:17:55,043 - _base.py - top of axes not in the figure, so title not moved
2023-11-28 13:17:55,421 - _base.py - top of axes not in the figure, so title not moved
2023-11-28 13:17:55,428 - _base.py - top of axes not in the figure, so title not moved
2023-11-28 13:17:55,452 - _base.py - top of axes not in the figure, so title not moved
2023-11-28 13:17:55,459 - _base.py - top of axes not in the figure, so title not moved
2023-11-28 13:17:55,495 - _base.py - top of axes not in the figure, so title not moved
2023-11-28 13:17:55,501 - _base.py - top of axes not in the figure, so title not moved
2023-11-28 13:17:55,549 - _base.py - top of axes not in the figure, so title not moved
2023-11-28 13:17:55,559 - _base.py - top of axes not in the figure, so title not moved
2023-11-28 13:17:55,964 - _base.py - top of axes not in the figure, so title not moved
2023-11-28 13:17:55,971 - _base.py - top of axes not in the figure, so title not moved
2023-11-28 13:17:55,994 - _base.py - top of axes not in the figure, so title not moved
2023-11-28 13:17:56,000 - _base.py - top of axes not in the figure, so title not moved
2023-11-28 13:17:56,039 - _base.py - top of axes not in the figure, so title not moved
2023-11-28 13:17:56,045 - _base.py - top of axes not in the figure, so title not moved
2023-11-28 13:17:56,080 - _base.py - top of axes not in the figure, so title not moved
2023-11-28 13:17:56,089 - _base.py - top of axes not in the figure, so title not moved
2023-11-28 13:17:56,224 - _base.py - top of axes not in the figure, so title not moved
2023-11-28 13:17:56,229 - _base.py - top of axes not in the figure, so title not moved
2023-11-28 13:17:56,771 - _base.py - top of axes not in the figure, so title not moved
2023-11-28 13:17:56,779 - _base.py - top of axes not in the figure, so title not moved
2023-11-28 13:17:56,803 - _base.py - top of axes not in the figure, so title not moved
2023-11-28 13:17:56,810 - _base.py - top of axes not in the figure, so title not moved
2023-11-28 13:17:56,849 - _base.py - top of axes not in the figure, so title not moved
2023-11-28 13:17:56,855 - _base.py - top of axes not in the figure, so title not moved
2023-11-28 13:17:56,898 - _base.py - top of axes not in the figure, so title not moved
2023-11-28 13:17:56,909 - _base.py - top of axes not in the figure, so title not moved
2023-11-28 13:17:57,332 - _base.py - top of axes not in the figure, so title not moved
2023-11-28 13:17:57,340 - _base.py - top of axes not in the figure, so title not moved
2023-11-28 13:17:57,364 - _base.py - top of axes not in the figure, so title not moved
2023-11-28 13:17:57,371 - _base.py - top of axes not in the figure, so title not moved
2023-11-28 13:17:57,412 - _base.py - top of axes not in the figure, so title not moved
2023-11-28 13:17:57,418 - _base.py - top of axes not in the figure, so title not moved
2023-11-28 13:17:57,451 - _base.py - top of axes not in the figure, so title not moved
2023-11-28 13:17:57,461 - _base.py - top of axes not in the figure, so title not moved
2023-11-28 13:18:08,057 - _base.py - top of axes not in the figure, so title not moved
2023-11-28 13:18:08,062 - _base.py - top of axes not in the figure, so title not moved
2023-11-28 13:18:08,443 - _base.py - top of axes not in the figure, so title not moved
2023-11-28 13:18:08,450 - _base.py - top of axes not in the figure, so title not moved
2023-11-28 13:18:08,476 - _base.py - top of axes not in the figure, so title not moved
2023-11-28 13:18:08,484 - _base.py - top of axes not in the figure, so title not moved
2023-11-28 13:18:08,521 - _base.py - top of axes not in the figure, so title not moved
2023-11-28 13:18:08,527 - _base.py - top of axes not in the figure, so title not moved
2023-11-28 13:18:08,575 - _base.py - top of axes not in the figure, so title not moved
2023-11-28 13:18:08,585 - _base.py - top of axes not in the figure, so title not moved
2023-11-28 13:18:09,023 - _base.py - top of axes not in the figure, so title not moved
2023-11-28 13:18:09,031 - _base.py - top of axes not in the figure, so title not moved
2023-11-28 13:18:09,054 - _base.py - top of axes not in the figure, so title not moved
2023-11-28 13:18:09,061 - _base.py - top of axes not in the figure, so title not moved
2023-11-28 13:18:09,099 - _base.py - top of axes not in the figure, so title not moved
2023-11-28 13:18:09,106 - _base.py - top of axes not in the figure, so title not moved
2023-11-28 13:18:09,137 - _base.py - top of axes not in the figure, so title not moved
2023-11-28 13:18:09,146 - _base.py - top of axes not in the figure, so title not moved
2023-11-28 13:18:16,836 - _base.py - top of axes not in the figure, so title not moved
2023-11-28 13:18:16,842 - _base.py - top of axes not in the figure, so title not moved
2023-11-28 13:18:17,216 - _base.py - top of axes not in the figure, so title not moved
2023-11-28 13:18:17,223 - _base.py - top of axes not in the figure, so title not moved
2023-11-28 13:18:17,247 - _base.py - top of axes not in the figure, so title not moved
2023-11-28 13:18:17,253 - _base.py - top of axes not in the figure, so title not moved
2023-11-28 13:18:17,289 - _base.py - top of axes not in the figure, so title not moved
2023-11-28 13:18:17,295 - _base.py - top of axes not in the figure, so title not moved
2023-11-28 13:18:17,340 - _base.py - top of axes not in the figure, so title not moved
2023-11-28 13:18:17,349 - _base.py - top of axes not in the figure, so title not moved
2023-11-28 13:18:17,782 - _base.py - top of axes not in the figure, so title not moved
2023-11-28 13:18:17,789 - _base.py - top of axes not in the figure, so title not moved
2023-11-28 13:18:17,811 - _base.py - top of axes not in the figure, so title not moved
2023-11-28 13:18:17,817 - _base.py - top of axes not in the figure, so title not moved
2023-11-28 13:18:17,854 - _base.py - top of axes not in the figure, so title not moved
2023-11-28 13:18:17,860 - _base.py - top of axes not in the figure, so title not moved
2023-11-28 13:18:17,891 - _base.py - top of axes not in the figure, so title not moved
2023-11-28 13:18:17,899 - _base.py - top of axes not in the figure, so title not moved
2023-11-28 13:18:18,030 - _base.py - top of axes not in the figure, so title not moved
2023-11-28 13:18:18,036 - _base.py - top of axes not in the figure, so title not moved
2023-11-28 13:18:18,582 - _base.py - top of axes not in the figure, so title not moved
2023-11-28 13:18:18,590 - _base.py - top of axes not in the figure, so title not moved
2023-11-28 13:18:18,615 - _base.py - top of axes not in the figure, so title not moved
2023-11-28 13:18:18,621 - _base.py - top of axes not in the figure, so title not moved
2023-11-28 13:18:18,660 - _base.py - top of axes not in the figure, so title not moved
2023-11-28 13:18:18,666 - _base.py - top of axes not in the figure, so title not moved
2023-11-28 13:18:18,715 - _base.py - top of axes not in the figure, so title not moved
2023-11-28 13:18:18,727 - _base.py - top of axes not in the figure, so title not moved
2023-11-28 13:18:19,130 - _base.py - top of axes not in the figure, so title not moved
2023-11-28 13:18:19,138 - _base.py - top of axes not in the figure, so title not moved
2023-11-28 13:18:19,162 - _base.py - top of axes not in the figure, so title not moved
2023-11-28 13:18:19,169 - _base.py - top of axes not in the figure, so title not moved
2023-11-28 13:18:19,209 - _base.py - top of axes not in the figure, so title not moved
2023-11-28 13:18:19,215 - _base.py - top of axes not in the figure, so title not moved
2023-11-28 13:18:19,250 - _base.py - top of axes not in the figure, so title not moved
2023-11-28 13:18:19,259 - _base.py - top of axes not in the figure, so title not moved
2023-11-28 13:18:48,564 - connectionpool.py - Starting new HTTPS connection (1): pypi.org:443
2023-11-28 13:18:48,727 - connectionpool.py - https://pypi.org:443 "GET /pypi/tpot/json HTTP/1.1" 200 13097
2023-11-28 14:23:12,863 - _base.py - top of axes not in the figure, so title not moved
2023-11-28 14:23:12,869 - _base.py - top of axes not in the figure, so title not moved
2023-11-28 14:23:13,237 - _base.py - top of axes not in the figure, so title not moved
2023-11-28 14:23:13,244 - _base.py - top of axes not in the figure, so title not moved
2023-11-28 14:23:13,268 - _base.py - top of axes not in the figure, so title not moved
2023-11-28 14:23:13,275 - _base.py - top of axes not in the figure, so title not moved
2023-11-28 14:23:13,310 - _base.py - top of axes not in the figure, so title not moved
2023-11-28 14:23:13,316 - _base.py - top of axes not in the figure, so title not moved
2023-11-28 14:23:13,365 - _base.py - top of axes not in the figure, so title not moved
2023-11-28 14:23:13,374 - _base.py - top of axes not in the figure, so title not moved
2023-11-28 14:23:13,786 - _base.py - top of axes not in the figure, so title not moved
2023-11-28 14:23:13,793 - _base.py - top of axes not in the figure, so title not moved
2023-11-28 14:23:13,817 - _base.py - top of axes not in the figure, so title not moved
2023-11-28 14:23:13,824 - _base.py - top of axes not in the figure, so title not moved
2023-11-28 14:23:13,861 - _base.py - top of axes not in the figure, so title not moved
2023-11-28 14:23:13,867 - _base.py - top of axes not in the figure, so title not moved
2023-11-28 14:23:13,900 - _base.py - top of axes not in the figure, so title not moved
2023-11-28 14:23:13,908 - _base.py - top of axes not in the figure, so title not moved
2023-11-28 14:23:15,313 - _base.py - top of axes not in the figure, so title not moved
2023-11-28 14:23:15,318 - _base.py - top of axes not in the figure, so title not moved
2023-11-28 14:23:15,674 - _base.py - top of axes not in the figure, so title not moved
2023-11-28 14:23:15,681 - _base.py - top of axes not in the figure, so title not moved
2023-11-28 14:23:15,703 - _base.py - top of axes not in the figure, so title not moved
2023-11-28 14:23:15,710 - _base.py - top of axes not in the figure, so title not moved
2023-11-28 14:23:15,745 - _base.py - top of axes not in the figure, so title not moved
2023-11-28 14:23:15,751 - _base.py - top of axes not in the figure, so title not moved
2023-11-28 14:23:15,792 - _base.py - top of axes not in the figure, so title not moved
2023-11-28 14:23:15,802 - _base.py - top of axes not in the figure, so title not moved
2023-11-28 14:23:16,195 - _base.py - top of axes not in the figure, so title not moved
2023-11-28 14:23:16,202 - _base.py - top of axes not in the figure, so title not moved
2023-11-28 14:23:16,224 - _base.py - top of axes not in the figure, so title not moved
2023-11-28 14:23:16,231 - _base.py - top of axes not in the figure, so title not moved
2023-11-28 14:23:16,268 - _base.py - top of axes not in the figure, so title not moved
2023-11-28 14:23:16,274 - _base.py - top of axes not in the figure, so title not moved
2023-11-28 14:23:16,305 - _base.py - top of axes not in the figure, so title not moved
2023-11-28 14:23:16,313 - _base.py - top of axes not in the figure, so title not moved
2023-11-28 14:23:16,449 - _base.py - top of axes not in the figure, so title not moved
2023-11-28 14:23:16,455 - _base.py - top of axes not in the figure, so title not moved
2023-11-28 14:23:16,992 - _base.py - top of axes not in the figure, so title not moved
2023-11-28 14:23:16,998 - _base.py - top of axes not in the figure, so title not moved
2023-11-28 14:23:17,022 - _base.py - top of axes not in the figure, so title not moved
2023-11-28 14:23:17,029 - _base.py - top of axes not in the figure, so title not moved
2023-11-28 14:23:17,066 - _base.py - top of axes not in the figure, so title not moved
2023-11-28 14:23:17,072 - _base.py - top of axes not in the figure, so title not moved
2023-11-28 14:23:17,114 - _base.py - top of axes not in the figure, so title not moved
2023-11-28 14:23:17,124 - _base.py - top of axes not in the figure, so title not moved
2023-11-28 14:23:17,519 - _base.py - top of axes not in the figure, so title not moved
2023-11-28 14:23:17,526 - _base.py - top of axes not in the figure, so title not moved
2023-11-28 14:23:17,549 - _base.py - top of axes not in the figure, so title not moved
2023-11-28 14:23:17,556 - _base.py - top of axes not in the figure, so title not moved
2023-11-28 14:23:17,594 - _base.py - top of axes not in the figure, so title not moved
2023-11-28 14:23:17,600 - _base.py - top of axes not in the figure, so title not moved
2023-11-28 14:23:17,632 - _base.py - top of axes not in the figure, so title not moved
2023-11-28 14:23:17,640 - _base.py - top of axes not in the figure, so title not moved
2023-11-28 14:23:19,340 - _base.py - top of axes not in the figure, so title not moved
2023-11-28 14:23:19,345 - _base.py - top of axes not in the figure, so title not moved
2023-11-28 14:23:19,715 - _base.py - top of axes not in the figure, so title not moved
2023-11-28 14:23:19,722 - _base.py - top of axes not in the figure, so title not moved
2023-11-28 14:23:19,746 - _base.py - top of axes not in the figure, so title not moved
2023-11-28 14:23:19,752 - _base.py - top of axes not in the figure, so title not moved
2023-11-28 14:23:19,788 - _base.py - top of axes not in the figure, so title not moved
2023-11-28 14:23:19,794 - _base.py - top of axes not in the figure, so title not moved
2023-11-28 14:23:19,835 - _base.py - top of axes not in the figure, so title not moved
2023-11-28 14:23:19,845 - _base.py - top of axes not in the figure, so title not moved
2023-11-28 14:23:21,807 - _base.py - top of axes not in the figure, so title not moved
2023-11-28 14:23:21,815 - _base.py - top of axes not in the figure, so title not moved
2023-11-28 14:23:21,837 - _base.py - top of axes not in the figure, so title not moved
2023-11-28 14:23:21,844 - _base.py - top of axes not in the figure, so title not moved
2023-11-28 14:23:21,881 - _base.py - top of axes not in the figure, so title not moved
2023-11-28 14:23:21,888 - _base.py - top of axes not in the figure, so title not moved
2023-11-28 14:23:21,919 - _base.py - top of axes not in the figure, so title not moved
2023-11-28 14:23:21,927 - _base.py - top of axes not in the figure, so title not moved
2023-11-28 14:23:23,476 - _base.py - top of axes not in the figure, so title not moved
2023-11-28 14:23:23,481 - _base.py - top of axes not in the figure, so title not moved
2023-11-28 14:23:23,847 - _base.py - top of axes not in the figure, so title not moved
2023-11-28 14:23:23,854 - _base.py - top of axes not in the figure, so title not moved
2023-11-28 14:23:23,877 - _base.py - top of axes not in the figure, so title not moved
2023-11-28 14:23:23,883 - _base.py - top of axes not in the figure, so title not moved
2023-11-28 14:23:23,920 - _base.py - top of axes not in the figure, so title not moved
2023-11-28 14:23:23,926 - _base.py - top of axes not in the figure, so title not moved
2023-11-28 14:23:23,970 - _base.py - top of axes not in the figure, so title not moved
2023-11-28 14:23:23,980 - _base.py - top of axes not in the figure, so title not moved
2023-11-28 14:23:24,373 - _base.py - top of axes not in the figure, so title not moved
2023-11-28 14:23:24,380 - _base.py - top of axes not in the figure, so title not moved
2023-11-28 14:23:24,403 - _base.py - top of axes not in the figure, so title not moved
2023-11-28 14:23:24,410 - _base.py - top of axes not in the figure, so title not moved
2023-11-28 14:23:24,448 - _base.py - top of axes not in the figure, so title not moved
2023-11-28 14:23:24,455 - _base.py - top of axes not in the figure, so title not moved
2023-11-28 14:23:24,486 - _base.py - top of axes not in the figure, so title not moved
2023-11-28 14:23:24,495 - _base.py - top of axes not in the figure, so title not moved
2023-11-28 14:23:25,033 - _base.py - top of axes not in the figure, so title not moved
2023-11-28 14:23:25,039 - _base.py - top of axes not in the figure, so title not moved
2023-11-28 14:23:25,610 - _base.py - top of axes not in the figure, so title not moved
2023-11-28 14:23:25,618 - _base.py - top of axes not in the figure, so title not moved
2023-11-28 14:23:25,642 - _base.py - top of axes not in the figure, so title not moved
2023-11-28 14:23:25,650 - _base.py - top of axes not in the figure, so title not moved
2023-11-28 14:23:25,689 - _base.py - top of axes not in the figure, so title not moved
2023-11-28 14:23:25,696 - _base.py - top of axes not in the figure, so title not moved
2023-11-28 14:23:25,740 - _base.py - top of axes not in the figure, so title not moved
2023-11-28 14:23:25,751 - _base.py - top of axes not in the figure, so title not moved
2023-11-28 14:23:26,161 - _base.py - top of axes not in the figure, so title not moved
2023-11-28 14:23:26,169 - _base.py - top of axes not in the figure, so title not moved
2023-11-28 14:23:26,192 - _base.py - top of axes not in the figure, so title not moved
2023-11-28 14:23:26,200 - _base.py - top of axes not in the figure, so title not moved
2023-11-28 14:23:26,240 - _base.py - top of axes not in the figure, so title not moved
2023-11-28 14:23:26,246 - _base.py - top of axes not in the figure, so title not moved
2023-11-28 14:23:26,279 - _base.py - top of axes not in the figure, so title not moved
2023-11-28 14:23:26,289 - _base.py - top of axes not in the figure, so title not moved
