2023-08-22 21:30:11,368 - utils.py - New Model Id - 3
2023-08-22 21:30:11,369 - utils.py - 
+--------------------------------------------------------------------------+
2023-08-22 21:30:11,369 - utils.py - |    Father Model ID     |                 Added Operation                 |
2023-08-22 21:30:11,369 - utils.py - +--------------------------------------------------------------------------+
2023-08-22 21:30:11,369 - utils.py - |                        |            to_concat_skip_model 7 10            |
2023-08-22 21:30:11,369 - utils.py - |           0            |            to_concat_skip_model 3 19            |
2023-08-22 21:30:11,369 - utils.py - +--------------------------------------------------------------------------+
2023-08-22 21:42:39,813 - utils.py - New Model Id - 4
2023-08-22 21:42:39,814 - utils.py - 
+--------------------------------------------------------------------------+
2023-08-22 21:42:39,814 - utils.py - |    Father Model ID     |                 Added Operation                 |
2023-08-22 21:42:39,814 - utils.py - +--------------------------------------------------------------------------+
2023-08-22 21:42:39,814 - utils.py - |                        |             to_concat_skip_model 0 1            |
2023-08-22 21:42:39,814 - utils.py - |           0            |             to_concat_skip_model 5 6            |
2023-08-22 21:42:39,814 - utils.py - +--------------------------------------------------------------------------+
2023-08-22 21:51:53,144 - _tools.py - os.makedirs('./exemplars/literature/outputs/autokeras/regression')
2023-08-22 21:51:53,144 - saving.py - write lines to './exemplars/literature/outputs/autokeras/regression/final_autokeras_regression_graph'
2023-08-22 21:51:53,146 - execute.py - run [PosixPath('dot'), '-Kdot', '-Tpdf', '-O', 'final_autokeras_regression_graph']
2023-08-22 21:51:53,521 - _tools.py - os.makedirs('./exemplars/literature/outputs/autokeras/regression')
2023-08-22 21:51:53,522 - saving.py - write lines to './exemplars/literature/outputs/autokeras/regression/final_autokeras_regression_graph'
2023-08-22 21:51:53,527 - execute.py - run [PosixPath('dot'), '-Kdot', '-Tpdf', '-O', 'final_autokeras_regression_graph']
2023-08-22 21:51:53,846 - _tools.py - os.makedirs('./exemplars/literature/outputs/autokeras/regression')
2023-08-22 21:51:53,847 - saving.py - write lines to './exemplars/literature/outputs/autokeras/regression/final_autokeras_regression_graph'
2023-08-22 21:51:53,849 - execute.py - run [PosixPath('dot'), '-Kdot', '-Tpdf', '-O', 'final_autokeras_regression_graph']
2023-08-22 21:51:56,457 - _tools.py - os.makedirs('./exemplars/literature/outputs/autokeras/regression')
2023-08-22 21:51:56,458 - saving.py - write lines to './exemplars/literature/outputs/autokeras/regression/final_autokeras_regression_graph'
2023-08-22 21:51:56,460 - execute.py - run [PosixPath('dot'), '-Kdot', '-Tpdf', '-O', 'final_autokeras_regression_graph']
2023-08-22 22:04:30,050 - _base.py - top of axes not in the figure, so title not moved
2023-08-22 22:04:30,064 - _base.py - top of axes not in the figure, so title not moved
2023-08-22 22:04:34,240 - _base.py - top of axes not in the figure, so title not moved
2023-08-22 22:04:34,248 - _base.py - top of axes not in the figure, so title not moved
2023-08-22 22:04:34,273 - _base.py - top of axes not in the figure, so title not moved
2023-08-22 22:04:34,280 - _base.py - top of axes not in the figure, so title not moved
2023-08-22 22:04:34,319 - _base.py - top of axes not in the figure, so title not moved
2023-08-22 22:04:34,326 - _base.py - top of axes not in the figure, so title not moved
2023-08-22 22:04:34,393 - _base.py - top of axes not in the figure, so title not moved
2023-08-22 22:04:34,404 - _base.py - top of axes not in the figure, so title not moved
2023-08-22 22:04:34,847 - _base.py - top of axes not in the figure, so title not moved
2023-08-22 22:04:34,856 - _base.py - top of axes not in the figure, so title not moved
2023-08-22 22:04:34,878 - _base.py - top of axes not in the figure, so title not moved
2023-08-22 22:04:34,885 - _base.py - top of axes not in the figure, so title not moved
2023-08-22 22:04:34,924 - _base.py - top of axes not in the figure, so title not moved
2023-08-22 22:04:34,930 - _base.py - top of axes not in the figure, so title not moved
2023-08-22 22:04:34,965 - _base.py - top of axes not in the figure, so title not moved
2023-08-22 22:04:34,975 - _base.py - top of axes not in the figure, so title not moved
2023-08-22 22:22:51,175 - _base.py - top of axes not in the figure, so title not moved
2023-08-22 22:22:51,182 - _base.py - top of axes not in the figure, so title not moved
2023-08-22 22:22:55,397 - _base.py - top of axes not in the figure, so title not moved
2023-08-22 22:22:55,406 - _base.py - top of axes not in the figure, so title not moved
2023-08-22 22:22:55,432 - _base.py - top of axes not in the figure, so title not moved
2023-08-22 22:22:55,440 - _base.py - top of axes not in the figure, so title not moved
2023-08-22 22:22:55,482 - _base.py - top of axes not in the figure, so title not moved
2023-08-22 22:22:55,489 - _base.py - top of axes not in the figure, so title not moved
2023-08-22 22:22:55,562 - _base.py - top of axes not in the figure, so title not moved
2023-08-22 22:22:55,575 - _base.py - top of axes not in the figure, so title not moved
2023-08-22 22:22:56,070 - _base.py - top of axes not in the figure, so title not moved
2023-08-22 22:22:56,078 - _base.py - top of axes not in the figure, so title not moved
2023-08-22 22:22:56,102 - _base.py - top of axes not in the figure, so title not moved
2023-08-22 22:22:56,110 - _base.py - top of axes not in the figure, so title not moved
2023-08-22 22:22:56,152 - _base.py - top of axes not in the figure, so title not moved
2023-08-22 22:22:56,159 - _base.py - top of axes not in the figure, so title not moved
2023-08-22 22:22:56,197 - _base.py - top of axes not in the figure, so title not moved
2023-08-22 22:22:56,208 - _base.py - top of axes not in the figure, so title not moved
2023-08-22 22:22:56,389 - _base.py - top of axes not in the figure, so title not moved
2023-08-22 22:22:56,395 - _base.py - top of axes not in the figure, so title not moved
2023-08-22 22:23:04,979 - _base.py - top of axes not in the figure, so title not moved
2023-08-22 22:23:04,988 - _base.py - top of axes not in the figure, so title not moved
2023-08-22 22:23:05,014 - _base.py - top of axes not in the figure, so title not moved
2023-08-22 22:23:05,023 - _base.py - top of axes not in the figure, so title not moved
2023-08-22 22:23:05,067 - _base.py - top of axes not in the figure, so title not moved
2023-08-22 22:23:05,074 - _base.py - top of axes not in the figure, so title not moved
2023-08-22 22:23:05,161 - _base.py - top of axes not in the figure, so title not moved
2023-08-22 22:23:05,175 - _base.py - top of axes not in the figure, so title not moved
2023-08-22 22:23:05,676 - _base.py - top of axes not in the figure, so title not moved
2023-08-22 22:23:05,685 - _base.py - top of axes not in the figure, so title not moved
2023-08-22 22:23:05,709 - _base.py - top of axes not in the figure, so title not moved
2023-08-22 22:23:05,717 - _base.py - top of axes not in the figure, so title not moved
2023-08-22 22:23:05,762 - _base.py - top of axes not in the figure, so title not moved
2023-08-22 22:23:05,769 - _base.py - top of axes not in the figure, so title not moved
2023-08-22 22:23:05,811 - _base.py - top of axes not in the figure, so title not moved
2023-08-22 22:23:05,823 - _base.py - top of axes not in the figure, so title not moved
2023-08-22 22:26:15,627 - _base.py - top of axes not in the figure, so title not moved
2023-08-22 22:26:15,633 - _base.py - top of axes not in the figure, so title not moved
2023-08-22 22:26:19,586 - _base.py - top of axes not in the figure, so title not moved
2023-08-22 22:26:19,598 - _base.py - top of axes not in the figure, so title not moved
2023-08-22 22:26:19,622 - _base.py - top of axes not in the figure, so title not moved
2023-08-22 22:26:19,632 - _base.py - top of axes not in the figure, so title not moved
2023-08-22 22:26:19,680 - _base.py - top of axes not in the figure, so title not moved
2023-08-22 22:26:19,688 - _base.py - top of axes not in the figure, so title not moved
2023-08-22 22:26:19,757 - _base.py - top of axes not in the figure, so title not moved
2023-08-22 22:26:19,774 - _base.py - top of axes not in the figure, so title not moved
2023-08-22 22:26:20,241 - _base.py - top of axes not in the figure, so title not moved
2023-08-22 22:26:20,252 - _base.py - top of axes not in the figure, so title not moved
2023-08-22 22:26:20,276 - _base.py - top of axes not in the figure, so title not moved
2023-08-22 22:26:20,286 - _base.py - top of axes not in the figure, so title not moved
2023-08-22 22:26:20,334 - _base.py - top of axes not in the figure, so title not moved
2023-08-22 22:26:20,342 - _base.py - top of axes not in the figure, so title not moved
2023-08-22 22:26:20,380 - _base.py - top of axes not in the figure, so title not moved
2023-08-22 22:26:20,396 - _base.py - top of axes not in the figure, so title not moved
2023-08-22 22:29:32,188 - _base.py - top of axes not in the figure, so title not moved
2023-08-22 22:29:32,194 - _base.py - top of axes not in the figure, so title not moved
2023-08-22 22:29:35,928 - _base.py - top of axes not in the figure, so title not moved
2023-08-22 22:29:35,938 - _base.py - top of axes not in the figure, so title not moved
2023-08-22 22:29:35,963 - _base.py - top of axes not in the figure, so title not moved
2023-08-22 22:29:35,972 - _base.py - top of axes not in the figure, so title not moved
2023-08-22 22:29:36,018 - _base.py - top of axes not in the figure, so title not moved
2023-08-22 22:29:36,025 - _base.py - top of axes not in the figure, so title not moved
2023-08-22 22:29:36,090 - _base.py - top of axes not in the figure, so title not moved
2023-08-22 22:29:36,106 - _base.py - top of axes not in the figure, so title not moved
2023-08-22 22:29:36,562 - _base.py - top of axes not in the figure, so title not moved
2023-08-22 22:29:36,573 - _base.py - top of axes not in the figure, so title not moved
2023-08-22 22:29:36,598 - _base.py - top of axes not in the figure, so title not moved
2023-08-22 22:29:36,607 - _base.py - top of axes not in the figure, so title not moved
2023-08-22 22:29:36,656 - _base.py - top of axes not in the figure, so title not moved
2023-08-22 22:29:36,664 - _base.py - top of axes not in the figure, so title not moved
2023-08-22 22:29:36,702 - _base.py - top of axes not in the figure, so title not moved
2023-08-22 22:29:36,717 - _base.py - top of axes not in the figure, so title not moved
2023-08-22 22:29:36,888 - _base.py - top of axes not in the figure, so title not moved
2023-08-22 22:29:36,893 - _base.py - top of axes not in the figure, so title not moved
2023-08-22 22:29:44,398 - _base.py - top of axes not in the figure, so title not moved
2023-08-22 22:29:44,412 - _base.py - top of axes not in the figure, so title not moved
2023-08-22 22:29:44,438 - _base.py - top of axes not in the figure, so title not moved
2023-08-22 22:29:44,450 - _base.py - top of axes not in the figure, so title not moved
2023-08-22 22:29:44,503 - _base.py - top of axes not in the figure, so title not moved
2023-08-22 22:29:44,511 - _base.py - top of axes not in the figure, so title not moved
2023-08-22 22:29:44,599 - _base.py - top of axes not in the figure, so title not moved
2023-08-22 22:29:44,620 - _base.py - top of axes not in the figure, so title not moved
2023-08-22 22:29:45,151 - _base.py - top of axes not in the figure, so title not moved
2023-08-22 22:29:45,164 - _base.py - top of axes not in the figure, so title not moved
2023-08-22 22:29:45,189 - _base.py - top of axes not in the figure, so title not moved
2023-08-22 22:29:45,200 - _base.py - top of axes not in the figure, so title not moved
2023-08-22 22:29:45,254 - _base.py - top of axes not in the figure, so title not moved
2023-08-22 22:29:45,263 - _base.py - top of axes not in the figure, so title not moved
2023-08-22 22:29:45,306 - _base.py - top of axes not in the figure, so title not moved
2023-08-22 22:29:45,324 - _base.py - top of axes not in the figure, so title not moved
2023-08-22 22:50:13,053 - connectionpool.py - Starting new HTTPS connection (1): pypi.org:443
2023-08-22 22:50:13,237 - connectionpool.py - https://pypi.org:443 "GET /pypi/tpot/json HTTP/1.1" 200 13097
2023-08-23 00:00:06,259 - _base.py - top of axes not in the figure, so title not moved
2023-08-23 00:00:06,274 - _base.py - top of axes not in the figure, so title not moved
2023-08-23 00:00:10,226 - _base.py - top of axes not in the figure, so title not moved
2023-08-23 00:00:10,235 - _base.py - top of axes not in the figure, so title not moved
2023-08-23 00:00:10,258 - _base.py - top of axes not in the figure, so title not moved
2023-08-23 00:00:10,266 - _base.py - top of axes not in the figure, so title not moved
2023-08-23 00:00:10,308 - _base.py - top of axes not in the figure, so title not moved
2023-08-23 00:00:10,314 - _base.py - top of axes not in the figure, so title not moved
2023-08-23 00:00:10,375 - _base.py - top of axes not in the figure, so title not moved
2023-08-23 00:00:10,387 - _base.py - top of axes not in the figure, so title not moved
2023-08-23 00:00:10,823 - _base.py - top of axes not in the figure, so title not moved
2023-08-23 00:00:10,832 - _base.py - top of axes not in the figure, so title not moved
2023-08-23 00:00:10,854 - _base.py - top of axes not in the figure, so title not moved
2023-08-23 00:00:10,861 - _base.py - top of axes not in the figure, so title not moved
2023-08-23 00:00:10,901 - _base.py - top of axes not in the figure, so title not moved
2023-08-23 00:00:10,907 - _base.py - top of axes not in the figure, so title not moved
2023-08-23 00:00:10,941 - _base.py - top of axes not in the figure, so title not moved
2023-08-23 00:00:10,952 - _base.py - top of axes not in the figure, so title not moved
2023-08-23 00:00:42,400 - _base.py - top of axes not in the figure, so title not moved
2023-08-23 00:00:42,406 - _base.py - top of axes not in the figure, so title not moved
2023-08-23 00:00:46,325 - _base.py - top of axes not in the figure, so title not moved
2023-08-23 00:00:46,333 - _base.py - top of axes not in the figure, so title not moved
2023-08-23 00:00:46,356 - _base.py - top of axes not in the figure, so title not moved
2023-08-23 00:00:46,364 - _base.py - top of axes not in the figure, so title not moved
2023-08-23 00:00:46,404 - _base.py - top of axes not in the figure, so title not moved
2023-08-23 00:00:46,410 - _base.py - top of axes not in the figure, so title not moved
2023-08-23 00:00:46,467 - _base.py - top of axes not in the figure, so title not moved
2023-08-23 00:00:46,479 - _base.py - top of axes not in the figure, so title not moved
2023-08-23 00:00:46,908 - _base.py - top of axes not in the figure, so title not moved
2023-08-23 00:00:46,916 - _base.py - top of axes not in the figure, so title not moved
2023-08-23 00:00:46,938 - _base.py - top of axes not in the figure, so title not moved
2023-08-23 00:00:46,946 - _base.py - top of axes not in the figure, so title not moved
2023-08-23 00:00:46,986 - _base.py - top of axes not in the figure, so title not moved
2023-08-23 00:00:46,992 - _base.py - top of axes not in the figure, so title not moved
2023-08-23 00:00:47,027 - _base.py - top of axes not in the figure, so title not moved
2023-08-23 00:00:47,038 - _base.py - top of axes not in the figure, so title not moved
2023-08-23 00:00:47,614 - _base.py - top of axes not in the figure, so title not moved
2023-08-23 00:00:47,620 - _base.py - top of axes not in the figure, so title not moved
2023-08-23 00:00:55,880 - _base.py - top of axes not in the figure, so title not moved
2023-08-23 00:00:55,889 - _base.py - top of axes not in the figure, so title not moved
2023-08-23 00:00:55,911 - _base.py - top of axes not in the figure, so title not moved
2023-08-23 00:00:55,920 - _base.py - top of axes not in the figure, so title not moved
2023-08-23 00:00:55,962 - _base.py - top of axes not in the figure, so title not moved
2023-08-23 00:00:55,969 - _base.py - top of axes not in the figure, so title not moved
2023-08-23 00:00:56,052 - _base.py - top of axes not in the figure, so title not moved
2023-08-23 00:00:56,066 - _base.py - top of axes not in the figure, so title not moved
2023-08-23 00:00:56,523 - _base.py - top of axes not in the figure, so title not moved
2023-08-23 00:00:56,532 - _base.py - top of axes not in the figure, so title not moved
2023-08-23 00:00:56,555 - _base.py - top of axes not in the figure, so title not moved
2023-08-23 00:00:56,563 - _base.py - top of axes not in the figure, so title not moved
2023-08-23 00:00:56,606 - _base.py - top of axes not in the figure, so title not moved
2023-08-23 00:00:56,613 - _base.py - top of axes not in the figure, so title not moved
2023-08-23 00:00:56,650 - _base.py - top of axes not in the figure, so title not moved
2023-08-23 00:00:56,662 - _base.py - top of axes not in the figure, so title not moved
2023-08-23 00:01:32,318 - _base.py - top of axes not in the figure, so title not moved
2023-08-23 00:01:32,323 - _base.py - top of axes not in the figure, so title not moved
2023-08-23 00:01:36,143 - _base.py - top of axes not in the figure, so title not moved
2023-08-23 00:01:36,155 - _base.py - top of axes not in the figure, so title not moved
2023-08-23 00:01:36,179 - _base.py - top of axes not in the figure, so title not moved
2023-08-23 00:01:36,189 - _base.py - top of axes not in the figure, so title not moved
2023-08-23 00:01:36,237 - _base.py - top of axes not in the figure, so title not moved
2023-08-23 00:01:36,245 - _base.py - top of axes not in the figure, so title not moved
2023-08-23 00:01:36,310 - _base.py - top of axes not in the figure, so title not moved
2023-08-23 00:01:36,328 - _base.py - top of axes not in the figure, so title not moved
2023-08-23 00:01:36,778 - _base.py - top of axes not in the figure, so title not moved
2023-08-23 00:01:36,790 - _base.py - top of axes not in the figure, so title not moved
2023-08-23 00:01:36,813 - _base.py - top of axes not in the figure, so title not moved
2023-08-23 00:01:36,823 - _base.py - top of axes not in the figure, so title not moved
2023-08-23 00:01:36,870 - _base.py - top of axes not in the figure, so title not moved
2023-08-23 00:01:36,878 - _base.py - top of axes not in the figure, so title not moved
2023-08-23 00:01:36,915 - _base.py - top of axes not in the figure, so title not moved
2023-08-23 00:01:36,931 - _base.py - top of axes not in the figure, so title not moved
2023-08-23 00:02:12,085 - _base.py - top of axes not in the figure, so title not moved
2023-08-23 00:02:12,091 - _base.py - top of axes not in the figure, so title not moved
2023-08-23 00:02:15,844 - _base.py - top of axes not in the figure, so title not moved
2023-08-23 00:02:15,854 - _base.py - top of axes not in the figure, so title not moved
2023-08-23 00:02:15,878 - _base.py - top of axes not in the figure, so title not moved
2023-08-23 00:02:15,888 - _base.py - top of axes not in the figure, so title not moved
2023-08-23 00:02:15,933 - _base.py - top of axes not in the figure, so title not moved
2023-08-23 00:02:15,941 - _base.py - top of axes not in the figure, so title not moved
2023-08-23 00:02:16,005 - _base.py - top of axes not in the figure, so title not moved
2023-08-23 00:02:16,021 - _base.py - top of axes not in the figure, so title not moved
2023-08-23 00:02:16,475 - _base.py - top of axes not in the figure, so title not moved
2023-08-23 00:02:16,485 - _base.py - top of axes not in the figure, so title not moved
2023-08-23 00:02:16,507 - _base.py - top of axes not in the figure, so title not moved
2023-08-23 00:02:16,516 - _base.py - top of axes not in the figure, so title not moved
2023-08-23 00:02:16,561 - _base.py - top of axes not in the figure, so title not moved
2023-08-23 00:02:16,569 - _base.py - top of axes not in the figure, so title not moved
2023-08-23 00:02:16,604 - _base.py - top of axes not in the figure, so title not moved
2023-08-23 00:02:16,618 - _base.py - top of axes not in the figure, so title not moved
2023-08-23 00:02:16,779 - _base.py - top of axes not in the figure, so title not moved
2023-08-23 00:02:16,785 - _base.py - top of axes not in the figure, so title not moved
2023-08-23 00:02:24,254 - _base.py - top of axes not in the figure, so title not moved
2023-08-23 00:02:24,267 - _base.py - top of axes not in the figure, so title not moved
2023-08-23 00:02:24,292 - _base.py - top of axes not in the figure, so title not moved
2023-08-23 00:02:24,303 - _base.py - top of axes not in the figure, so title not moved
2023-08-23 00:02:24,357 - _base.py - top of axes not in the figure, so title not moved
2023-08-23 00:02:24,366 - _base.py - top of axes not in the figure, so title not moved
2023-08-23 00:02:24,448 - _base.py - top of axes not in the figure, so title not moved
2023-08-23 00:02:24,469 - _base.py - top of axes not in the figure, so title not moved
2023-08-23 00:02:24,959 - _base.py - top of axes not in the figure, so title not moved
2023-08-23 00:02:24,973 - _base.py - top of axes not in the figure, so title not moved
2023-08-23 00:02:24,996 - _base.py - top of axes not in the figure, so title not moved
2023-08-23 00:02:25,007 - _base.py - top of axes not in the figure, so title not moved
2023-08-23 00:02:25,060 - _base.py - top of axes not in the figure, so title not moved
2023-08-23 00:02:25,068 - _base.py - top of axes not in the figure, so title not moved
2023-08-23 00:02:25,108 - _base.py - top of axes not in the figure, so title not moved
2023-08-23 00:02:25,127 - _base.py - top of axes not in the figure, so title not moved
