2023-11-23 11:55:16,884 - utils.py - New Model Id - 3
2023-11-23 11:55:16,885 - utils.py - 
+--------------------------------------------------------------------------+
2023-11-23 11:55:16,885 - utils.py - |    Father Model ID     |                 Added Operation                 |
2023-11-23 11:55:16,885 - utils.py - +--------------------------------------------------------------------------+
2023-11-23 11:55:16,885 - utils.py - |                        |              to_add_skip_model 1 4              |
2023-11-23 11:55:16,885 - utils.py - |           0            |              to_add_skip_model 0 10             |
2023-11-23 11:55:16,885 - utils.py - +--------------------------------------------------------------------------+
2023-11-23 12:05:54,636 - utils.py - New Model Id - 4
2023-11-23 12:05:54,637 - utils.py - 
+--------------------------------------------------------------------------+
2023-11-23 12:05:54,637 - utils.py - |    Father Model ID     |                 Added Operation                 |
2023-11-23 12:05:54,637 - utils.py - +--------------------------------------------------------------------------+
2023-11-23 12:05:54,637 - utils.py - |                        |             to_concat_skip_model 1 4            |
2023-11-23 12:05:54,637 - utils.py - |           0            |              to_add_skip_model 5 8              |
2023-11-23 12:05:54,637 - utils.py - +--------------------------------------------------------------------------+
2023-11-23 12:19:02,324 - utils.py - New Model Id - 5
2023-11-23 12:19:02,325 - utils.py - 
+--------------------------------------------------------------------------+
2023-11-23 12:19:02,325 - utils.py - |    Father Model ID     |                 Added Operation                 |
2023-11-23 12:19:02,325 - utils.py - +--------------------------------------------------------------------------+
2023-11-23 12:19:02,325 - utils.py - |                        |            to_concat_skip_model 19 9            |
2023-11-23 12:19:02,325 - utils.py - |           3            |            to_concat_skip_model 17 19           |
2023-11-23 12:19:02,325 - utils.py - +--------------------------------------------------------------------------+
2023-11-23 12:31:17,708 - utils.py - New Model Id - 6
2023-11-23 12:31:17,709 - utils.py - 
+--------------------------------------------------------------------------+
2023-11-23 12:31:17,709 - utils.py - |    Father Model ID     |                 Added Operation                 |
2023-11-23 12:31:17,709 - utils.py - +--------------------------------------------------------------------------+
2023-11-23 12:31:17,710 - utils.py - |                        |             to_concat_skip_model 1 3            |
2023-11-23 12:31:17,710 - utils.py - |           4            |             to_concat_skip_model 1 9            |
2023-11-23 12:31:17,710 - utils.py - +--------------------------------------------------------------------------+
2023-11-23 12:46:35,939 - _tools.py - os.makedirs('./nc_manu/output/P_CDS/outputs/autokeras/regression')
2023-11-23 12:46:35,939 - saving.py - write lines to './nc_manu/output/P_CDS/outputs/autokeras/regression/final_autokeras_regression_graph'
2023-11-23 12:46:35,940 - execute.py - run [PosixPath('dot'), '-Kdot', '-Tpdf', '-O', 'final_autokeras_regression_graph']
2023-11-23 12:46:36,241 - _tools.py - os.makedirs('./nc_manu/output/P_CDS/outputs/autokeras/regression')
2023-11-23 12:46:36,241 - saving.py - write lines to './nc_manu/output/P_CDS/outputs/autokeras/regression/final_autokeras_regression_graph'
2023-11-23 12:46:36,242 - execute.py - run [PosixPath('dot'), '-Kdot', '-Tpdf', '-O', 'final_autokeras_regression_graph']
2023-11-23 12:46:36,533 - _tools.py - os.makedirs('./nc_manu/output/P_CDS/outputs/autokeras/regression')
2023-11-23 12:46:36,533 - saving.py - write lines to './nc_manu/output/P_CDS/outputs/autokeras/regression/final_autokeras_regression_graph'
2023-11-23 12:46:36,535 - execute.py - run [PosixPath('dot'), '-Kdot', '-Tpdf', '-O', 'final_autokeras_regression_graph']
2023-11-23 12:46:37,215 - _tools.py - os.makedirs('./nc_manu/output/P_CDS/outputs/autokeras/regression')
2023-11-23 12:46:37,216 - saving.py - write lines to './nc_manu/output/P_CDS/outputs/autokeras/regression/final_autokeras_regression_graph'
2023-11-23 12:46:37,217 - execute.py - run [PosixPath('dot'), '-Kdot', '-Tpdf', '-O', 'final_autokeras_regression_graph']
2023-11-23 12:46:37,390 - _tools.py - os.makedirs('./nc_manu/output/P_CDS/outputs/autokeras/regression')
2023-11-23 12:46:37,391 - saving.py - write lines to './nc_manu/output/P_CDS/outputs/autokeras/regression/final_autokeras_regression_graph'
2023-11-23 12:46:37,392 - execute.py - run [PosixPath('dot'), '-Kdot', '-Tpdf', '-O', 'final_autokeras_regression_graph']
2023-11-23 12:46:37,568 - _tools.py - os.makedirs('./nc_manu/output/P_CDS/outputs/autokeras/regression')
2023-11-23 12:46:37,568 - saving.py - write lines to './nc_manu/output/P_CDS/outputs/autokeras/regression/final_autokeras_regression_graph'
2023-11-23 12:46:37,570 - execute.py - run [PosixPath('dot'), '-Kdot', '-Tpdf', '-O', 'final_autokeras_regression_graph']
2023-11-23 12:47:32,349 - _base.py - top of axes not in the figure, so title not moved
2023-11-23 12:47:32,363 - _base.py - top of axes not in the figure, so title not moved
2023-11-23 12:47:32,805 - _base.py - top of axes not in the figure, so title not moved
2023-11-23 12:47:32,813 - _base.py - top of axes not in the figure, so title not moved
2023-11-23 12:47:32,836 - _base.py - top of axes not in the figure, so title not moved
2023-11-23 12:47:32,843 - _base.py - top of axes not in the figure, so title not moved
2023-11-23 12:47:32,884 - _base.py - top of axes not in the figure, so title not moved
2023-11-23 12:47:32,890 - _base.py - top of axes not in the figure, so title not moved
2023-11-23 12:47:32,943 - _base.py - top of axes not in the figure, so title not moved
2023-11-23 12:47:32,954 - _base.py - top of axes not in the figure, so title not moved
2023-11-23 12:47:33,381 - _base.py - top of axes not in the figure, so title not moved
2023-11-23 12:47:33,388 - _base.py - top of axes not in the figure, so title not moved
2023-11-23 12:47:33,412 - _base.py - top of axes not in the figure, so title not moved
2023-11-23 12:47:33,419 - _base.py - top of axes not in the figure, so title not moved
2023-11-23 12:47:33,457 - _base.py - top of axes not in the figure, so title not moved
2023-11-23 12:47:33,463 - _base.py - top of axes not in the figure, so title not moved
2023-11-23 12:47:33,495 - _base.py - top of axes not in the figure, so title not moved
2023-11-23 12:47:33,504 - _base.py - top of axes not in the figure, so title not moved
2023-11-23 12:48:14,682 - _base.py - top of axes not in the figure, so title not moved
2023-11-23 12:48:14,688 - _base.py - top of axes not in the figure, so title not moved
2023-11-23 12:48:15,071 - _base.py - top of axes not in the figure, so title not moved
2023-11-23 12:48:15,079 - _base.py - top of axes not in the figure, so title not moved
2023-11-23 12:48:15,103 - _base.py - top of axes not in the figure, so title not moved
2023-11-23 12:48:15,110 - _base.py - top of axes not in the figure, so title not moved
2023-11-23 12:48:15,147 - _base.py - top of axes not in the figure, so title not moved
2023-11-23 12:48:15,153 - _base.py - top of axes not in the figure, so title not moved
2023-11-23 12:48:15,201 - _base.py - top of axes not in the figure, so title not moved
2023-11-23 12:48:15,211 - _base.py - top of axes not in the figure, so title not moved
2023-11-23 12:48:15,626 - _base.py - top of axes not in the figure, so title not moved
2023-11-23 12:48:15,633 - _base.py - top of axes not in the figure, so title not moved
2023-11-23 12:48:15,657 - _base.py - top of axes not in the figure, so title not moved
2023-11-23 12:48:15,663 - _base.py - top of axes not in the figure, so title not moved
2023-11-23 12:48:15,701 - _base.py - top of axes not in the figure, so title not moved
2023-11-23 12:48:15,707 - _base.py - top of axes not in the figure, so title not moved
2023-11-23 12:48:15,739 - _base.py - top of axes not in the figure, so title not moved
2023-11-23 12:48:15,747 - _base.py - top of axes not in the figure, so title not moved
2023-11-23 12:48:15,881 - _base.py - top of axes not in the figure, so title not moved
2023-11-23 12:48:15,886 - _base.py - top of axes not in the figure, so title not moved
2023-11-23 12:48:16,453 - _base.py - top of axes not in the figure, so title not moved
2023-11-23 12:48:16,461 - _base.py - top of axes not in the figure, so title not moved
2023-11-23 12:48:16,485 - _base.py - top of axes not in the figure, so title not moved
2023-11-23 12:48:16,493 - _base.py - top of axes not in the figure, so title not moved
2023-11-23 12:48:16,533 - _base.py - top of axes not in the figure, so title not moved
2023-11-23 12:48:16,539 - _base.py - top of axes not in the figure, so title not moved
2023-11-23 12:48:16,583 - _base.py - top of axes not in the figure, so title not moved
2023-11-23 12:48:16,594 - _base.py - top of axes not in the figure, so title not moved
2023-11-23 12:48:17,029 - _base.py - top of axes not in the figure, so title not moved
2023-11-23 12:48:17,037 - _base.py - top of axes not in the figure, so title not moved
2023-11-23 12:48:17,061 - _base.py - top of axes not in the figure, so title not moved
2023-11-23 12:48:17,068 - _base.py - top of axes not in the figure, so title not moved
2023-11-23 12:48:17,109 - _base.py - top of axes not in the figure, so title not moved
2023-11-23 12:48:17,115 - _base.py - top of axes not in the figure, so title not moved
2023-11-23 12:48:17,148 - _base.py - top of axes not in the figure, so title not moved
2023-11-23 12:48:17,158 - _base.py - top of axes not in the figure, so title not moved
2023-11-23 12:48:42,588 - _base.py - top of axes not in the figure, so title not moved
2023-11-23 12:48:42,594 - _base.py - top of axes not in the figure, so title not moved
2023-11-23 12:48:42,984 - _base.py - top of axes not in the figure, so title not moved
2023-11-23 12:48:42,992 - _base.py - top of axes not in the figure, so title not moved
2023-11-23 12:48:43,014 - _base.py - top of axes not in the figure, so title not moved
2023-11-23 12:48:43,021 - _base.py - top of axes not in the figure, so title not moved
2023-11-23 12:48:43,058 - _base.py - top of axes not in the figure, so title not moved
2023-11-23 12:48:43,064 - _base.py - top of axes not in the figure, so title not moved
2023-11-23 12:48:43,110 - _base.py - top of axes not in the figure, so title not moved
2023-11-23 12:48:43,120 - _base.py - top of axes not in the figure, so title not moved
2023-11-23 12:48:43,552 - _base.py - top of axes not in the figure, so title not moved
2023-11-23 12:48:43,561 - _base.py - top of axes not in the figure, so title not moved
2023-11-23 12:48:43,584 - _base.py - top of axes not in the figure, so title not moved
2023-11-23 12:48:43,591 - _base.py - top of axes not in the figure, so title not moved
2023-11-23 12:48:43,629 - _base.py - top of axes not in the figure, so title not moved
2023-11-23 12:48:43,636 - _base.py - top of axes not in the figure, so title not moved
2023-11-23 12:48:43,669 - _base.py - top of axes not in the figure, so title not moved
2023-11-23 12:48:43,678 - _base.py - top of axes not in the figure, so title not moved
2023-11-23 12:48:54,432 - _base.py - top of axes not in the figure, so title not moved
2023-11-23 12:48:54,437 - _base.py - top of axes not in the figure, so title not moved
2023-11-23 12:48:55,146 - _base.py - top of axes not in the figure, so title not moved
2023-11-23 12:48:55,153 - _base.py - top of axes not in the figure, so title not moved
2023-11-23 12:48:55,178 - _base.py - top of axes not in the figure, so title not moved
2023-11-23 12:48:55,185 - _base.py - top of axes not in the figure, so title not moved
2023-11-23 12:48:55,223 - _base.py - top of axes not in the figure, so title not moved
2023-11-23 12:48:55,230 - _base.py - top of axes not in the figure, so title not moved
2023-11-23 12:48:55,279 - _base.py - top of axes not in the figure, so title not moved
2023-11-23 12:48:55,289 - _base.py - top of axes not in the figure, so title not moved
2023-11-23 12:48:55,700 - _base.py - top of axes not in the figure, so title not moved
2023-11-23 12:48:55,708 - _base.py - top of axes not in the figure, so title not moved
2023-11-23 12:48:55,731 - _base.py - top of axes not in the figure, so title not moved
2023-11-23 12:48:55,738 - _base.py - top of axes not in the figure, so title not moved
2023-11-23 12:48:55,777 - _base.py - top of axes not in the figure, so title not moved
2023-11-23 12:48:55,783 - _base.py - top of axes not in the figure, so title not moved
2023-11-23 12:48:55,816 - _base.py - top of axes not in the figure, so title not moved
2023-11-23 12:48:55,825 - _base.py - top of axes not in the figure, so title not moved
2023-11-23 12:48:55,957 - _base.py - top of axes not in the figure, so title not moved
2023-11-23 12:48:55,963 - _base.py - top of axes not in the figure, so title not moved
2023-11-23 12:48:56,550 - _base.py - top of axes not in the figure, so title not moved
2023-11-23 12:48:56,557 - _base.py - top of axes not in the figure, so title not moved
2023-11-23 12:48:56,582 - _base.py - top of axes not in the figure, so title not moved
2023-11-23 12:48:56,595 - _base.py - top of axes not in the figure, so title not moved
2023-11-23 12:48:56,635 - _base.py - top of axes not in the figure, so title not moved
2023-11-23 12:48:56,641 - _base.py - top of axes not in the figure, so title not moved
2023-11-23 12:48:56,690 - _base.py - top of axes not in the figure, so title not moved
2023-11-23 12:48:56,701 - _base.py - top of axes not in the figure, so title not moved
2023-11-23 12:48:57,120 - _base.py - top of axes not in the figure, so title not moved
2023-11-23 12:48:57,128 - _base.py - top of axes not in the figure, so title not moved
2023-11-23 12:48:57,151 - _base.py - top of axes not in the figure, so title not moved
2023-11-23 12:48:57,160 - _base.py - top of axes not in the figure, so title not moved
2023-11-23 12:48:57,201 - _base.py - top of axes not in the figure, so title not moved
2023-11-23 12:48:57,207 - _base.py - top of axes not in the figure, so title not moved
2023-11-23 12:48:57,240 - _base.py - top of axes not in the figure, so title not moved
2023-11-23 12:48:57,250 - _base.py - top of axes not in the figure, so title not moved
2023-11-23 12:49:10,219 - connectionpool.py - Starting new HTTPS connection (1): pypi.org:443
2023-11-23 12:49:10,411 - connectionpool.py - https://pypi.org:443 "GET /pypi/tpot/json HTTP/1.1" 200 13097
2023-11-23 13:49:46,407 - _base.py - top of axes not in the figure, so title not moved
2023-11-23 13:49:46,413 - _base.py - top of axes not in the figure, so title not moved
2023-11-23 13:49:46,791 - _base.py - top of axes not in the figure, so title not moved
2023-11-23 13:49:46,798 - _base.py - top of axes not in the figure, so title not moved
2023-11-23 13:49:46,822 - _base.py - top of axes not in the figure, so title not moved
2023-11-23 13:49:46,828 - _base.py - top of axes not in the figure, so title not moved
2023-11-23 13:49:46,864 - _base.py - top of axes not in the figure, so title not moved
2023-11-23 13:49:46,870 - _base.py - top of axes not in the figure, so title not moved
2023-11-23 13:49:46,925 - _base.py - top of axes not in the figure, so title not moved
2023-11-23 13:49:46,935 - _base.py - top of axes not in the figure, so title not moved
2023-11-23 13:49:47,348 - _base.py - top of axes not in the figure, so title not moved
2023-11-23 13:49:47,355 - _base.py - top of axes not in the figure, so title not moved
2023-11-23 13:49:47,378 - _base.py - top of axes not in the figure, so title not moved
2023-11-23 13:49:47,384 - _base.py - top of axes not in the figure, so title not moved
2023-11-23 13:49:47,420 - _base.py - top of axes not in the figure, so title not moved
2023-11-23 13:49:47,426 - _base.py - top of axes not in the figure, so title not moved
2023-11-23 13:49:47,459 - _base.py - top of axes not in the figure, so title not moved
2023-11-23 13:49:47,467 - _base.py - top of axes not in the figure, so title not moved
2023-11-23 13:49:48,952 - _base.py - top of axes not in the figure, so title not moved
2023-11-23 13:49:48,957 - _base.py - top of axes not in the figure, so title not moved
2023-11-23 13:49:49,392 - _base.py - top of axes not in the figure, so title not moved
2023-11-23 13:49:49,399 - _base.py - top of axes not in the figure, so title not moved
2023-11-23 13:49:49,421 - _base.py - top of axes not in the figure, so title not moved
2023-11-23 13:49:49,428 - _base.py - top of axes not in the figure, so title not moved
2023-11-23 13:49:49,463 - _base.py - top of axes not in the figure, so title not moved
2023-11-23 13:49:49,469 - _base.py - top of axes not in the figure, so title not moved
2023-11-23 13:49:49,568 - _base.py - top of axes not in the figure, so title not moved
2023-11-23 13:49:49,587 - _base.py - top of axes not in the figure, so title not moved
2023-11-23 13:49:50,071 - _base.py - top of axes not in the figure, so title not moved
2023-11-23 13:49:50,078 - _base.py - top of axes not in the figure, so title not moved
2023-11-23 13:49:50,101 - _base.py - top of axes not in the figure, so title not moved
2023-11-23 13:49:50,108 - _base.py - top of axes not in the figure, so title not moved
2023-11-23 13:49:50,145 - _base.py - top of axes not in the figure, so title not moved
2023-11-23 13:49:50,151 - _base.py - top of axes not in the figure, so title not moved
2023-11-23 13:49:50,184 - _base.py - top of axes not in the figure, so title not moved
2023-11-23 13:49:50,192 - _base.py - top of axes not in the figure, so title not moved
2023-11-23 13:49:50,336 - _base.py - top of axes not in the figure, so title not moved
2023-11-23 13:49:50,342 - _base.py - top of axes not in the figure, so title not moved
2023-11-23 13:49:50,910 - _base.py - top of axes not in the figure, so title not moved
2023-11-23 13:49:50,918 - _base.py - top of axes not in the figure, so title not moved
2023-11-23 13:49:50,943 - _base.py - top of axes not in the figure, so title not moved
2023-11-23 13:49:50,950 - _base.py - top of axes not in the figure, so title not moved
2023-11-23 13:49:50,988 - _base.py - top of axes not in the figure, so title not moved
2023-11-23 13:49:50,994 - _base.py - top of axes not in the figure, so title not moved
2023-11-23 13:49:51,041 - _base.py - top of axes not in the figure, so title not moved
2023-11-23 13:49:51,051 - _base.py - top of axes not in the figure, so title not moved
2023-11-23 13:49:51,470 - _base.py - top of axes not in the figure, so title not moved
2023-11-23 13:49:51,477 - _base.py - top of axes not in the figure, so title not moved
2023-11-23 13:49:51,501 - _base.py - top of axes not in the figure, so title not moved
2023-11-23 13:49:51,508 - _base.py - top of axes not in the figure, so title not moved
2023-11-23 13:49:51,547 - _base.py - top of axes not in the figure, so title not moved
2023-11-23 13:49:51,553 - _base.py - top of axes not in the figure, so title not moved
2023-11-23 13:49:51,587 - _base.py - top of axes not in the figure, so title not moved
2023-11-23 13:49:51,596 - _base.py - top of axes not in the figure, so title not moved
2023-11-23 13:49:53,350 - _base.py - top of axes not in the figure, so title not moved
2023-11-23 13:49:53,356 - _base.py - top of axes not in the figure, so title not moved
2023-11-23 13:49:53,737 - _base.py - top of axes not in the figure, so title not moved
2023-11-23 13:49:53,744 - _base.py - top of axes not in the figure, so title not moved
2023-11-23 13:49:53,769 - _base.py - top of axes not in the figure, so title not moved
2023-11-23 13:49:53,775 - _base.py - top of axes not in the figure, so title not moved
2023-11-23 13:49:53,812 - _base.py - top of axes not in the figure, so title not moved
2023-11-23 13:49:53,818 - _base.py - top of axes not in the figure, so title not moved
2023-11-23 13:49:53,861 - _base.py - top of axes not in the figure, so title not moved
2023-11-23 13:49:53,871 - _base.py - top of axes not in the figure, so title not moved
2023-11-23 13:49:54,353 - _base.py - top of axes not in the figure, so title not moved
2023-11-23 13:49:54,360 - _base.py - top of axes not in the figure, so title not moved
2023-11-23 13:49:54,382 - _base.py - top of axes not in the figure, so title not moved
2023-11-23 13:49:54,389 - _base.py - top of axes not in the figure, so title not moved
2023-11-23 13:49:54,424 - _base.py - top of axes not in the figure, so title not moved
2023-11-23 13:49:54,430 - _base.py - top of axes not in the figure, so title not moved
2023-11-23 13:49:54,461 - _base.py - top of axes not in the figure, so title not moved
2023-11-23 13:49:54,469 - _base.py - top of axes not in the figure, so title not moved
2023-11-23 13:49:56,107 - _base.py - top of axes not in the figure, so title not moved
2023-11-23 13:49:56,112 - _base.py - top of axes not in the figure, so title not moved
2023-11-23 13:49:56,479 - _base.py - top of axes not in the figure, so title not moved
2023-11-23 13:49:56,486 - _base.py - top of axes not in the figure, so title not moved
2023-11-23 13:49:56,508 - _base.py - top of axes not in the figure, so title not moved
2023-11-23 13:49:56,515 - _base.py - top of axes not in the figure, so title not moved
2023-11-23 13:49:56,550 - _base.py - top of axes not in the figure, so title not moved
2023-11-23 13:49:56,556 - _base.py - top of axes not in the figure, so title not moved
2023-11-23 13:49:56,597 - _base.py - top of axes not in the figure, so title not moved
2023-11-23 13:49:56,607 - _base.py - top of axes not in the figure, so title not moved
2023-11-23 13:49:57,063 - _base.py - top of axes not in the figure, so title not moved
2023-11-23 13:49:57,070 - _base.py - top of axes not in the figure, so title not moved
2023-11-23 13:49:57,092 - _base.py - top of axes not in the figure, so title not moved
2023-11-23 13:49:57,099 - _base.py - top of axes not in the figure, so title not moved
2023-11-23 13:49:57,135 - _base.py - top of axes not in the figure, so title not moved
2023-11-23 13:49:57,141 - _base.py - top of axes not in the figure, so title not moved
2023-11-23 13:49:57,171 - _base.py - top of axes not in the figure, so title not moved
2023-11-23 13:49:57,180 - _base.py - top of axes not in the figure, so title not moved
2023-11-23 13:49:57,314 - _base.py - top of axes not in the figure, so title not moved
2023-11-23 13:49:57,320 - _base.py - top of axes not in the figure, so title not moved
2023-11-23 13:49:57,860 - _base.py - top of axes not in the figure, so title not moved
2023-11-23 13:49:57,867 - _base.py - top of axes not in the figure, so title not moved
2023-11-23 13:49:57,891 - _base.py - top of axes not in the figure, so title not moved
2023-11-23 13:49:57,898 - _base.py - top of axes not in the figure, so title not moved
2023-11-23 13:49:57,936 - _base.py - top of axes not in the figure, so title not moved
2023-11-23 13:49:57,942 - _base.py - top of axes not in the figure, so title not moved
2023-11-23 13:49:57,986 - _base.py - top of axes not in the figure, so title not moved
2023-11-23 13:49:57,996 - _base.py - top of axes not in the figure, so title not moved
2023-11-23 13:49:58,400 - _base.py - top of axes not in the figure, so title not moved
2023-11-23 13:49:58,407 - _base.py - top of axes not in the figure, so title not moved
2023-11-23 13:49:58,430 - _base.py - top of axes not in the figure, so title not moved
2023-11-23 13:49:58,437 - _base.py - top of axes not in the figure, so title not moved
2023-11-23 13:49:58,475 - _base.py - top of axes not in the figure, so title not moved
2023-11-23 13:49:58,482 - _base.py - top of axes not in the figure, so title not moved
2023-11-23 13:49:58,514 - _base.py - top of axes not in the figure, so title not moved
2023-11-23 13:49:58,523 - _base.py - top of axes not in the figure, so title not moved
